Drill report for SignalSlinger.kicad_pcb
Created on Thursday, July 13, 2023 at 05:50:16 PM

Copper Layer Stackup:
    =============================================================
    L1 :  F.Cu                      front
    L2 :  B.Cu                      back


Drill file 'SignalSlinger-PTH.drl' contains
    plated through holes:
    =============================================================
    T1  0.300mm  0.0118"  (5 holes)
    T2  0.331mm  0.0130"  (6 holes)
    T3  0.400mm  0.0157"  (355 holes)
    T4  0.800mm  0.0315"  (8 holes)
    T5  0.890mm  0.0350"  (2 holes)
    T6  1.000mm  0.0394"  (34 holes)
    T7  1.001mm  0.0394"  (3 holes)
    T8  1.016mm  0.0400"  (8 holes)
    T9  1.100mm  0.0433"  (2 holes)
    T10  2.010mm  0.0791"  (2 holes)

    Total plated holes count 425


Drill file 'SignalSlinger-NPTH.drl' contains
    unplated through holes:
    =============================================================
    T1  2.000mm  0.0787"  (1 hole)
    T2  3.500mm  0.1378"  (4 holes)

    Total unplated holes count 5
