## Footprint report - date Thursday, July 13, 2023 at 05:51:36 PM
## Created by Pcbnew version (6.0.4-0)
## Unit = inches, Angle = deg.

$BeginDESCRIPTION

$BOARD
upper_left_corner  1.325886  2.355709
lower_right_corner  6.342520  4.684646
$EndBOARD

$MODULE BT201
footprint Connector_Wire:SolderWire-0.5sqmm_1x02_P4.6mm_D0.9mm_OD2.1mm
attribut virtual
position  3.516929  2.468898  orientation -90.00
layer back
$PAD "1"
Shape Circle Layer both
position  0.000000  0.000000  size  0.082677  0.082677  orientation 360.00
drill  0.043307
shape_offset  0.000000  0.000000
$EndPAD
$PAD "2"
Shape Roundrect Layer both
position  0.181102  0.000000  size  0.082677  0.082677  orientation 360.00
drill  0.043307
shape_offset  0.000000  0.000000
$EndPAD
$EndMODULE  BT201

$MODULE C101
footprint Capacitor_SMD:C_0805_2012Metric_Pad1.18x1.45mm_HandSolder
attribut smd
position  2.415748  2.643701  orientation 180.00
layer front
$PAD "1"
Shape Roundrect Layer front
position -0.040846  0.000000  size  0.046260  0.057087  orientation 0.00
drill  0.000000
shape_offset  0.000000  0.000000
$EndPAD
$PAD "2"
Shape Roundrect Layer front
position  0.040846  0.000000  size  0.046260  0.057087  orientation 0.00
drill  0.000000
shape_offset  0.000000  0.000000
$EndPAD
$EndMODULE  C101

$MODULE C102
footprint Capacitor_SMD:C_0805_2012Metric_Pad1.18x1.45mm_HandSolder
attribut smd
position  2.860630  2.581102  orientation 180.00
layer front
$PAD "1"
Shape Roundrect Layer front
position -0.040846  0.000000  size  0.046260  0.057087  orientation 0.00
drill  0.000000
shape_offset  0.000000  0.000000
$EndPAD
$PAD "2"
Shape Roundrect Layer front
position  0.040846  0.000000  size  0.046260  0.057087  orientation 0.00
drill  0.000000
shape_offset  0.000000  0.000000
$EndPAD
$EndMODULE  C102

$MODULE C103
footprint Capacitor_SMD:C_0805_2012Metric_Pad1.18x1.45mm_HandSolder
attribut smd
position  2.408661  2.914173  orientation 0.00
layer front
$PAD "1"
Shape Roundrect Layer front
position -0.040846  0.000000  size  0.046260  0.057087  orientation 0.00
drill  0.000000
shape_offset  0.000000  0.000000
$EndPAD
$PAD "2"
Shape Roundrect Layer front
position  0.040846  0.000000  size  0.046260  0.057087  orientation 0.00
drill  0.000000
shape_offset  0.000000  0.000000
$EndPAD
$EndMODULE  C103

$MODULE C104
footprint Capacitor_SMD:C_0805_2012Metric
attribut smd
position  3.976378  2.839370  orientation -90.00
layer front
$PAD "1"
Shape Roundrect Layer front
position -0.037402  0.000000  size  0.039370  0.057087  orientation 360.00
drill  0.000000
shape_offset  0.000000  0.000000
$EndPAD
$PAD "2"
Shape Roundrect Layer front
position  0.037402  0.000000  size  0.039370  0.057087  orientation 360.00
drill  0.000000
shape_offset  0.000000  0.000000
$EndPAD
$EndMODULE  C104

$MODULE C105
footprint Capacitor_SMD:C_0805_2012Metric
attribut smd
position  3.356693  3.991339  orientation 90.00
layer front
$PAD "1"
Shape Roundrect Layer front
position -0.037402  0.000000  size  0.039370  0.057087  orientation 0.00
drill  0.000000
shape_offset  0.000000  0.000000
$EndPAD
$PAD "2"
Shape Roundrect Layer front
position  0.037402  0.000000  size  0.039370  0.057087  orientation 0.00
drill  0.000000
shape_offset  0.000000  0.000000
$EndPAD
$EndMODULE  C105

$MODULE C106
footprint Capacitor_SMD:C_0805_2012Metric
attribut smd
position  3.441732  4.000787  orientation 90.00
layer front
$PAD "1"
Shape Roundrect Layer front
position -0.037402  0.000000  size  0.039370  0.057087  orientation 0.00
drill  0.000000
shape_offset  0.000000  0.000000
$EndPAD
$PAD "2"
Shape Roundrect Layer front
position  0.037402  0.000000  size  0.039370  0.057087  orientation 0.00
drill  0.000000
shape_offset  0.000000  0.000000
$EndPAD
$EndMODULE  C106

$MODULE C107
footprint Capacitor_SMD:C_0805_2012Metric
attribut smd
position  3.239764  4.130709  orientation 180.00
layer front
$PAD "1"
Shape Roundrect Layer front
position -0.037402  0.000000  size  0.039370  0.057087  orientation 0.00
drill  0.000000
shape_offset  0.000000  0.000000
$EndPAD
$PAD "2"
Shape Roundrect Layer front
position  0.037402  0.000000  size  0.039370  0.057087  orientation 0.00
drill  0.000000
shape_offset  0.000000  0.000000
$EndPAD
$EndMODULE  C107

$MODULE C108
footprint Capacitor_SMD:C_0805_2012Metric
attribut smd
position  3.612992  4.214173  orientation -90.00
layer front
$PAD "1"
Shape Roundrect Layer front
position -0.037402  0.000000  size  0.039370  0.057087  orientation 360.00
drill  0.000000
shape_offset  0.000000  0.000000
$EndPAD
$PAD "2"
Shape Roundrect Layer front
position  0.037402  0.000000  size  0.039370  0.057087  orientation 360.00
drill  0.000000
shape_offset  0.000000  0.000000
$EndPAD
$EndMODULE  C108

$MODULE C109
footprint Capacitor_SMD:C_0805_2012Metric
attribut smd
position  3.520866  3.830315  orientation 0.00
layer front
$PAD "1"
Shape Roundrect Layer front
position -0.037402  0.000000  size  0.039370  0.057087  orientation 0.00
drill  0.000000
shape_offset  0.000000  0.000000
$EndPAD
$PAD "2"
Shape Roundrect Layer front
position  0.037402  0.000000  size  0.039370  0.057087  orientation 0.00
drill  0.000000
shape_offset  0.000000  0.000000
$EndPAD
$EndMODULE  C109

$MODULE C110
footprint Capacitor_SMD:C_1210_3225Metric
attribut smd
position  3.775591  4.339764  orientation 180.00
layer front
$PAD "1"
Shape Roundrect Layer front
position -0.058071  0.000000  size  0.045276  0.106299  orientation 0.00
drill  0.000000
shape_offset  0.000000  0.000000
$EndPAD
$PAD "2"
Shape Roundrect Layer front
position  0.058071  0.000000  size  0.045276  0.106299  orientation 0.00
drill  0.000000
shape_offset  0.000000  0.000000
$EndPAD
$EndMODULE  C110

$MODULE C111
footprint Capacitors:C_2917
attribut smd
position  4.198425  4.296850  orientation -90.00
layer front
$PAD "1"
Shape Rect Layer front
position -0.127165  0.000000  size  0.109055  0.100394  orientation 360.00
drill  0.000000
shape_offset  0.000000  0.000000
$EndPAD
$PAD "2"
Shape Rect Layer front
position  0.127165  0.000000  size  0.109055  0.100394  orientation 360.00
drill  0.000000
shape_offset  0.000000  0.000000
$EndPAD
$EndMODULE  C111

$MODULE C112
footprint Capacitor_SMD:C_0805_2012Metric
attribut smd
position  4.276378  4.024803  orientation 90.00
layer front
$PAD "1"
Shape Roundrect Layer front
position -0.037402  0.000000  size  0.039370  0.057087  orientation 0.00
drill  0.000000
shape_offset  0.000000  0.000000
$EndPAD
$PAD "2"
Shape Roundrect Layer front
position  0.037402  0.000000  size  0.039370  0.057087  orientation 0.00
drill  0.000000
shape_offset  0.000000  0.000000
$EndPAD
$EndMODULE  C112

$MODULE C201
footprint Capacitor_SMD:C_0805_2012Metric_Pad1.18x1.45mm_HandSolder
attribut smd
position  2.497638  3.779528  orientation 90.00
layer front
$PAD "1"
Shape Roundrect Layer front
position -0.040846  0.000000  size  0.046260  0.057087  orientation 0.00
drill  0.000000
shape_offset  0.000000  0.000000
$EndPAD
$PAD "2"
Shape Roundrect Layer front
position  0.040846  0.000000  size  0.046260  0.057087  orientation 0.00
drill  0.000000
shape_offset  0.000000  0.000000
$EndPAD
$EndMODULE  C201

$MODULE C202
footprint Capacitor_SMD:C_0805_2012Metric_Pad1.18x1.45mm_HandSolder
attribut smd
position  2.537008  3.586220  orientation 180.00
layer front
$PAD "1"
Shape Roundrect Layer front
position -0.040846  0.000000  size  0.046260  0.057087  orientation 0.00
drill  0.000000
shape_offset  0.000000  0.000000
$EndPAD
$PAD "2"
Shape Roundrect Layer front
position  0.040846  0.000000  size  0.046260  0.057087  orientation 0.00
drill  0.000000
shape_offset  0.000000  0.000000
$EndPAD
$EndMODULE  C202

$MODULE C203
footprint Capacitor_SMD:C_0805_2012Metric_Pad1.18x1.45mm_HandSolder
attribut smd
position  2.744882  3.781496  orientation 90.00
layer front
$PAD "1"
Shape Roundrect Layer front
position -0.040846  0.000000  size  0.046260  0.057087  orientation 0.00
drill  0.000000
shape_offset  0.000000  0.000000
$EndPAD
$PAD "2"
Shape Roundrect Layer front
position  0.040846  0.000000  size  0.046260  0.057087  orientation 0.00
drill  0.000000
shape_offset  0.000000  0.000000
$EndPAD
$EndMODULE  C203

$MODULE C204
footprint Capacitor_SMD:C_0805_2012Metric
attribut smd
position  4.803937  3.188583  orientation -90.00
layer front
$PAD "1"
Shape Roundrect Layer front
position -0.037402  0.000000  size  0.039370  0.057087  orientation 360.00
drill  0.000000
shape_offset  0.000000  0.000000
$EndPAD
$PAD "2"
Shape Roundrect Layer front
position  0.037402  0.000000  size  0.039370  0.057087  orientation 360.00
drill  0.000000
shape_offset  0.000000  0.000000
$EndPAD
$EndMODULE  C204

$MODULE C205
footprint Capacitor_SMD:C_0805_2012Metric
attribut smd
position  3.387402  3.059055  orientation 90.00
layer front
$PAD "1"
Shape Roundrect Layer front
position -0.037402  0.000000  size  0.039370  0.057087  orientation 0.00
drill  0.000000
shape_offset  0.000000  0.000000
$EndPAD
$PAD "2"
Shape Roundrect Layer front
position  0.037402  0.000000  size  0.039370  0.057087  orientation 0.00
drill  0.000000
shape_offset  0.000000  0.000000
$EndPAD
$EndMODULE  C205

$MODULE C206
footprint Capacitor_SMD:C_0805_2012Metric_Pad1.18x1.45mm_HandSolder
attribut smd
position  3.024409  3.746063  orientation 0.00
layer front
$PAD "1"
Shape Roundrect Layer front
position -0.040846  0.000000  size  0.046260  0.057087  orientation 0.00
drill  0.000000
shape_offset  0.000000  0.000000
$EndPAD
$PAD "2"
Shape Roundrect Layer front
position  0.040846  0.000000  size  0.046260  0.057087  orientation 0.00
drill  0.000000
shape_offset  0.000000  0.000000
$EndPAD
$EndMODULE  C206

$MODULE C207
footprint Capacitor_SMD:C_0805_2012Metric
attribut smd
position  3.352756  2.917323  orientation -90.00
layer front
$PAD "1"
Shape Roundrect Layer front
position -0.037402  0.000000  size  0.039370  0.057087  orientation 360.00
drill  0.000000
shape_offset  0.000000  0.000000
$EndPAD
$PAD "2"
Shape Roundrect Layer front
position  0.037402  0.000000  size  0.039370  0.057087  orientation 360.00
drill  0.000000
shape_offset  0.000000  0.000000
$EndPAD
$EndMODULE  C207

$MODULE C208
footprint Capacitor_SMD:C_0805_2012Metric
attribut smd
position  3.610236  3.203937  orientation -90.00
layer front
$PAD "1"
Shape Roundrect Layer front
position -0.037402  0.000000  size  0.039370  0.057087  orientation 360.00
drill  0.000000
shape_offset  0.000000  0.000000
$EndPAD
$PAD "2"
Shape Roundrect Layer front
position  0.037402  0.000000  size  0.039370  0.057087  orientation 360.00
drill  0.000000
shape_offset  0.000000  0.000000
$EndPAD
$EndMODULE  C208

$MODULE C209
footprint Capacitor_SMD:C_0805_2012Metric_Pad1.18x1.45mm_HandSolder
attribut smd
position  2.881496  3.912992  orientation 180.00
layer front
$PAD "1"
Shape Roundrect Layer front
position -0.040846  0.000000  size  0.046260  0.057087  orientation 0.00
drill  0.000000
shape_offset  0.000000  0.000000
$EndPAD
$PAD "2"
Shape Roundrect Layer front
position  0.040846  0.000000  size  0.046260  0.057087  orientation 0.00
drill  0.000000
shape_offset  0.000000  0.000000
$EndPAD
$EndMODULE  C209

$MODULE C210
footprint Capacitor_SMD:C_0805_2012Metric_Pad1.18x1.45mm_HandSolder
attribut smd
position  3.022047  3.995669  orientation 0.00
layer front
$PAD "1"
Shape Roundrect Layer front
position -0.040846  0.000000  size  0.046260  0.057087  orientation 0.00
drill  0.000000
shape_offset  0.000000  0.000000
$EndPAD
$PAD "2"
Shape Roundrect Layer front
position  0.040846  0.000000  size  0.046260  0.057087  orientation 0.00
drill  0.000000
shape_offset  0.000000  0.000000
$EndPAD
$EndMODULE  C210

$MODULE C211
footprint Capacitor_SMD:C_0805_2012Metric
attribut smd
position  3.773228  3.204331  orientation -90.00
layer front
$PAD "1"
Shape Roundrect Layer front
position -0.037402  0.000000  size  0.039370  0.057087  orientation 360.00
drill  0.000000
shape_offset  0.000000  0.000000
$EndPAD
$PAD "2"
Shape Roundrect Layer front
position  0.037402  0.000000  size  0.039370  0.057087  orientation 360.00
drill  0.000000
shape_offset  0.000000  0.000000
$EndPAD
$EndMODULE  C211

$MODULE C212
footprint Capacitor_SMD:C_0805_2012Metric
attribut smd
position  3.646063  3.055906  orientation -90.00
layer front
$PAD "1"
Shape Roundrect Layer front
position -0.037402  0.000000  size  0.039370  0.057087  orientation 360.00
drill  0.000000
shape_offset  0.000000  0.000000
$EndPAD
$PAD "2"
Shape Roundrect Layer front
position  0.037402  0.000000  size  0.039370  0.057087  orientation 360.00
drill  0.000000
shape_offset  0.000000  0.000000
$EndPAD
$EndMODULE  C212

$MODULE C213
footprint Capacitor_SMD:C_0805_2012Metric
attribut smd
position  3.726378  3.056299  orientation 90.00
layer front
$PAD "1"
Shape Roundrect Layer front
position -0.037402  0.000000  size  0.039370  0.057087  orientation 0.00
drill  0.000000
shape_offset  0.000000  0.000000
$EndPAD
$PAD "2"
Shape Roundrect Layer front
position  0.037402  0.000000  size  0.039370  0.057087  orientation 0.00
drill  0.000000
shape_offset  0.000000  0.000000
$EndPAD
$EndMODULE  C213

$MODULE C214
footprint Capacitor_SMD:C_0805_2012Metric
attribut smd
position  3.814173  3.053937  orientation 90.00
layer front
$PAD "1"
Shape Roundrect Layer front
position -0.037402  0.000000  size  0.039370  0.057087  orientation 0.00
drill  0.000000
shape_offset  0.000000  0.000000
$EndPAD
$PAD "2"
Shape Roundrect Layer front
position  0.037402  0.000000  size  0.039370  0.057087  orientation 0.00
drill  0.000000
shape_offset  0.000000  0.000000
$EndPAD
$EndMODULE  C214

$MODULE C215
footprint Capacitor_SMD:C_0805_2012Metric
attribut smd
position  3.898819  3.054331  orientation 90.00
layer front
$PAD "1"
Shape Roundrect Layer front
position -0.037402  0.000000  size  0.039370  0.057087  orientation 0.00
drill  0.000000
shape_offset  0.000000  0.000000
$EndPAD
$PAD "2"
Shape Roundrect Layer front
position  0.037402  0.000000  size  0.039370  0.057087  orientation 0.00
drill  0.000000
shape_offset  0.000000  0.000000
$EndPAD
$EndMODULE  C215

$MODULE C216
footprint Capacitor_SMD:C_0805_2012Metric
attribut smd
position  2.065354  2.493307  orientation 180.00
layer front
$PAD "1"
Shape Roundrect Layer front
position -0.037402  0.000000  size  0.039370  0.057087  orientation 0.00
drill  0.000000
shape_offset  0.000000  0.000000
$EndPAD
$PAD "2"
Shape Roundrect Layer front
position  0.037402  0.000000  size  0.039370  0.057087  orientation 0.00
drill  0.000000
shape_offset  0.000000  0.000000
$EndPAD
$EndMODULE  C216

$MODULE C301
footprint Capacitor_SMD:C_0805_2012Metric
attribut smd
position  4.588583  4.070079  orientation 90.00
layer front
$PAD "1"
Shape Roundrect Layer front
position -0.037402  0.000000  size  0.039370  0.057087  orientation 0.00
drill  0.000000
shape_offset  0.000000  0.000000
$EndPAD
$PAD "2"
Shape Roundrect Layer front
position  0.037402  0.000000  size  0.039370  0.057087  orientation 0.00
drill  0.000000
shape_offset  0.000000  0.000000
$EndPAD
$EndMODULE  C301

$MODULE C302
footprint Capacitor_THT:C_Rect_L7.0mm_W2.5mm_P5.00mm
attribut none
position  4.691339  4.013780  orientation 0.00
layer back
$PAD "1"
Shape Circle Layer both
position  0.000000  0.000000  size  0.062992  0.062992  orientation 0.00
drill  0.031496
shape_offset  0.000000  0.000000
$EndPAD
$PAD "2"
Shape Roundrect Layer both
position  0.196850  0.000000  size  0.062992  0.062992  orientation 0.00
drill  0.031496
shape_offset  0.000000  0.000000
$EndPAD
$EndMODULE  C302

$MODULE C303
footprint Capacitor_THT:C_Rect_L7.0mm_W2.5mm_P5.00mm
attribut none
position  4.171654  4.044882  orientation 0.00
layer back
$PAD "1"
Shape Roundrect Layer both
position  0.000000  0.000000  size  0.062992  0.062992  orientation 0.00
drill  0.031496
shape_offset  0.000000  0.000000
$EndPAD
$PAD "2"
Shape Circle Layer both
position  0.196850  0.000000  size  0.062992  0.062992  orientation 0.00
drill  0.031496
shape_offset  0.000000  0.000000
$EndPAD
$EndMODULE  C303

$MODULE C304
footprint Capacitor_THT:C_Rect_L7.0mm_W2.5mm_P5.00mm
attribut none
position  4.048031  3.736614  orientation 90.00
layer back
$PAD "1"
Shape Circle Layer both
position  0.000000  0.000000  size  0.062992  0.062992  orientation 0.00
drill  0.031496
shape_offset  0.000000  0.000000
$EndPAD
$PAD "2"
Shape Circle Layer both
position  0.196850  0.000000  size  0.062992  0.062992  orientation 0.00
drill  0.031496
shape_offset  0.000000  0.000000
$EndPAD
$EndMODULE  C304

$MODULE C305
footprint Capacitor_THT:C_Rect_L7.0mm_W2.5mm_P5.00mm
attribut none
position  4.840157  3.564567  orientation 90.00
layer back
$PAD "1"
Shape Circle Layer both
position  0.000000  0.000000  size  0.062992  0.062992  orientation 0.00
drill  0.031496
shape_offset  0.000000  0.000000
$EndPAD
$PAD "2"
Shape Roundrect Layer both
position  0.196850  0.000000  size  0.062992  0.062992  orientation 0.00
drill  0.031496
shape_offset  0.000000  0.000000
$EndPAD
$EndMODULE  C305

$MODULE D101
footprint Diode_SMD:D_SOD-523
attribut smd
position  4.060236  2.693307  orientation 180.00
layer front
$PAD "1"
Shape Rect Layer front
position -0.027559  0.000000  size  0.023622  0.027559  orientation -180.00
drill  0.000000
shape_offset  0.000000  0.000000
$EndPAD
$PAD "2"
Shape Rect Layer front
position  0.027559  0.000000  size  0.023622  0.027559  orientation -180.00
drill  0.000000
shape_offset  0.000000  0.000000
$EndPAD
$EndMODULE  D101

$MODULE D102
footprint Diode_SMD:D_SOD-523
attribut smd
position  3.797244  2.615748  orientation 180.00
layer front
$PAD "1"
Shape Rect Layer front
position -0.027559  0.000000  size  0.023622  0.027559  orientation -180.00
drill  0.000000
shape_offset  0.000000  0.000000
$EndPAD
$PAD "2"
Shape Rect Layer front
position  0.027559  0.000000  size  0.023622  0.027559  orientation -180.00
drill  0.000000
shape_offset  0.000000  0.000000
$EndPAD
$EndMODULE  D102

$MODULE D103
footprint LED_SMD:LED_0805_2012Metric
attribut smd
position  2.566339  4.500000  orientation 90.00
layer front
$PAD "1"
Shape Roundrect Layer front
position -0.036909  0.000000  size  0.038386  0.055118  orientation 0.00
drill  0.000000
shape_offset  0.000000  0.000000
$EndPAD
$PAD "2"
Shape Roundrect Layer front
position  0.036909  0.000000  size  0.038386  0.055118  orientation 0.00
drill  0.000000
shape_offset  0.000000  0.000000
$EndPAD
$EndMODULE  D103

$MODULE D104
footprint LED_SMD:LED_0805_2012Metric
attribut smd
position  2.934055  4.500000  orientation 90.00
layer front
$PAD "1"
Shape Roundrect Layer front
position -0.036909  0.000000  size  0.038386  0.055118  orientation 0.00
drill  0.000000
shape_offset  0.000000  0.000000
$EndPAD
$PAD "2"
Shape Roundrect Layer front
position  0.036909  0.000000  size  0.038386  0.055118  orientation 0.00
drill  0.000000
shape_offset  0.000000  0.000000
$EndPAD
$EndMODULE  D104

$MODULE D105
footprint Diode_SMD:D_0603_1608Metric
attribut smd
position  2.135433  3.574803  orientation 180.00
layer front
$PAD "1"
Shape Roundrect Layer front
position -0.031004  0.000000  size  0.034449  0.037402  orientation 0.00
drill  0.000000
shape_offset  0.000000  0.000000
$EndPAD
$PAD "2"
Shape Roundrect Layer front
position  0.031004  0.000000  size  0.034449  0.037402  orientation 0.00
drill  0.000000
shape_offset  0.000000  0.000000
$EndPAD
$EndMODULE  D105

$MODULE D106
footprint Diode_SMD:D_0603_1608Metric
attribut smd
position  2.136220  3.683071  orientation 0.00
layer front
$PAD "1"
Shape Roundrect Layer front
position -0.031004  0.000000  size  0.034449  0.037402  orientation 0.00
drill  0.000000
shape_offset  0.000000  0.000000
$EndPAD
$PAD "2"
Shape Roundrect Layer front
position  0.031004  0.000000  size  0.034449  0.037402  orientation 0.00
drill  0.000000
shape_offset  0.000000  0.000000
$EndPAD
$EndMODULE  D106

$MODULE D107
footprint Package_TO_SOT_SMD:TO-252-2
attribut smd
position  3.595669  3.622835  orientation 180.00
layer front
$PAD ""
Shape Rect Layer nocopper
position  0.033071  0.059055  size  0.104331  0.102362  orientation 0.00
drill  0.000000
shape_offset  0.000000  0.000000
$EndPAD
$PAD ""
Shape Rect Layer nocopper
position  0.152362  0.059055  size  0.104331  0.102362  orientation 0.00
drill  0.000000
shape_offset  0.000000  0.000000
$EndPAD
$PAD ""
Shape Rect Layer nocopper
position  0.033071 -0.059055  size  0.104331  0.102362  orientation 0.00
drill  0.000000
shape_offset  0.000000  0.000000
$EndPAD
$PAD ""
Shape Rect Layer nocopper
position  0.152362 -0.059055  size  0.104331  0.102362  orientation 0.00
drill  0.000000
shape_offset  0.000000  0.000000
$EndPAD
$PAD "1"
Shape Rect Layer front
position -0.165354 -0.090000  size  0.102362  0.041732  orientation 0.00
drill  0.000000
shape_offset  0.000000  0.000000
$EndPAD
$PAD "2"
Shape Rect Layer front
position  0.092913  0.000000  size  0.224409  0.221732  orientation 0.00
drill  0.000000
shape_offset  0.000000  0.000000
$EndPAD
$PAD "3"
Shape Rect Layer front
position -0.165354  0.090000  size  0.102362  0.041732  orientation 0.00
drill  0.000000
shape_offset  0.000000  0.000000
$EndPAD
$EndMODULE  D107

$MODULE D108
footprint Diode_SMD:D_0603_1608Metric
attribut smd
position  2.148819  3.386614  orientation 180.00
layer front
$PAD "1"
Shape Roundrect Layer front
position -0.031004  0.000000  size  0.034449  0.037402  orientation 0.00
drill  0.000000
shape_offset  0.000000  0.000000
$EndPAD
$PAD "2"
Shape Roundrect Layer front
position  0.031004  0.000000  size  0.034449  0.037402  orientation 0.00
drill  0.000000
shape_offset  0.000000  0.000000
$EndPAD
$EndMODULE  D108

$MODULE D109
footprint Diode_SMD:D_0603_1608Metric
attribut smd
position  2.150394  3.300787  orientation 180.00
layer front
$PAD "1"
Shape Roundrect Layer front
position -0.031004  0.000000  size  0.034449  0.037402  orientation 0.00
drill  0.000000
shape_offset  0.000000  0.000000
$EndPAD
$PAD "2"
Shape Roundrect Layer front
position  0.031004  0.000000  size  0.034449  0.037402  orientation 0.00
drill  0.000000
shape_offset  0.000000  0.000000
$EndPAD
$EndMODULE  D109

$MODULE D110
footprint Diode_SMD:D_0603_1608Metric
attribut smd
position  2.149606  3.507480  orientation 0.00
layer front
$PAD "1"
Shape Roundrect Layer front
position -0.031004  0.000000  size  0.034449  0.037402  orientation 0.00
drill  0.000000
shape_offset  0.000000  0.000000
$EndPAD
$PAD "2"
Shape Roundrect Layer front
position  0.031004  0.000000  size  0.034449  0.037402  orientation 0.00
drill  0.000000
shape_offset  0.000000  0.000000
$EndPAD
$EndMODULE  D110

$MODULE D111
footprint Diode_SMD:D_0603_1608Metric
attribut smd
position  2.271654  3.784252  orientation -90.00
layer front
$PAD "1"
Shape Roundrect Layer front
position -0.031004  0.000000  size  0.034449  0.037402  orientation 360.00
drill  0.000000
shape_offset  0.000000  0.000000
$EndPAD
$PAD "2"
Shape Roundrect Layer front
position  0.031004  0.000000  size  0.034449  0.037402  orientation 360.00
drill  0.000000
shape_offset  0.000000  0.000000
$EndPAD
$EndMODULE  D111

$MODULE D112
footprint Diode_SMD:D_0603_1608Metric
attribut smd
position  2.137008  3.789370  orientation 0.00
layer front
$PAD "1"
Shape Roundrect Layer front
position -0.031004  0.000000  size  0.034449  0.037402  orientation 0.00
drill  0.000000
shape_offset  0.000000  0.000000
$EndPAD
$PAD "2"
Shape Roundrect Layer front
position  0.031004  0.000000  size  0.034449  0.037402  orientation 0.00
drill  0.000000
shape_offset  0.000000  0.000000
$EndPAD
$EndMODULE  D112

$MODULE D201
footprint Package_TO_SOT_SMD:SC-59
attribut smd
position  3.850394  2.868898  orientation -90.00
layer front
$PAD "1"
Shape Rect Layer front
position -0.039370 -0.037402  size  0.027559  0.023622  orientation 360.00
drill  0.000000
shape_offset  0.000000  0.000000
$EndPAD
$PAD "2"
Shape Rect Layer front
position -0.039370  0.037402  size  0.027559  0.023622  orientation 360.00
drill  0.000000
shape_offset  0.000000  0.000000
$EndPAD
$PAD "3"
Shape Rect Layer front
position  0.039370  0.000000  size  0.027559  0.023622  orientation 360.00
drill  0.000000
shape_offset  0.000000  0.000000
$EndPAD
$EndMODULE  D201

$MODULE D202
footprint Diode_SMD:D_SMA
attribut smd
position  4.414961  3.183858  orientation 180.00
layer front
$PAD "1"
Shape Rect Layer front
position -0.078740  0.000000  size  0.098425  0.070866  orientation 0.00
drill  0.000000
shape_offset  0.000000  0.000000
$EndPAD
$PAD "2"
Shape Rect Layer front
position  0.078740  0.000000  size  0.098425  0.070866  orientation 0.00
drill  0.000000
shape_offset  0.000000  0.000000
$EndPAD
$EndMODULE  D202

$MODULE J101
footprint Connector_PinSocket_2.54mm:PinSocket_1x02_P2.54mm_Vertical
attribut none
position  3.816142  2.490945  orientation -90.00
layer front
$PAD "1"
Shape Circle Layer both
position  0.000000  0.000000  size  0.066929  0.066929  orientation 360.00
drill  0.039370
shape_offset  0.000000  0.000000
$EndPAD
$PAD "2"
Shape Oval Layer both
position  0.000000  0.100000  size  0.066929  0.066929  orientation 360.00
drill  0.039370
shape_offset  0.000000  0.000000
$EndPAD
$EndMODULE  J101

$MODULE J102
footprint Connector_PinHeader_2.54mm:PinHeader_1x03_P2.54mm_Vertical
attribut none
position  2.020669  3.986614  orientation -90.00
layer back
$PAD "1"
Shape Oval Layer both
position  0.000000  0.000000  size  0.066929  0.066929  orientation 360.00
drill  0.039370
shape_offset  0.000000  0.000000
$EndPAD
$PAD "2"
Shape Roundrect Layer both
position  0.000000 -0.100000  size  0.066929  0.066929  orientation 360.00
drill  0.039370
shape_offset  0.000000  0.000000
$EndPAD
$PAD "3"
Shape Oval Layer both
position  0.000000 -0.200000  size  0.066929  0.066929  orientation 360.00
drill  0.039370
shape_offset  0.000000  0.000000
$EndPAD
$EndMODULE  J102

$MODULE J103
footprint Connector_PinSocket_2.54mm:PinSocket_1x02_P2.54mm_Vertical
attribut none
position  4.092717  2.905118  orientation 180.00
layer front
$PAD "1"
Shape Rect Layer both
position  0.000000  0.000000  size  0.066929  0.066929  orientation 0.00
drill  0.039370
shape_offset  0.000000  0.000000
$EndPAD
$PAD "2"
Shape Oval Layer both
position  0.000000  0.100000  size  0.066929  0.066929  orientation 0.00
drill  0.039370
shape_offset  0.000000  0.000000
$EndPAD
$EndMODULE  J103

$MODULE J104
footprint Connector_PinSocket_2.54mm:PinSocket_1x02_P2.54mm_Vertical
attribut none
position  2.412205  4.500787  orientation 180.00
layer front
$PAD "1"
Shape Rect Layer both
position  0.000000  0.000000  size  0.066929  0.066929  orientation 0.00
drill  0.039370
shape_offset  0.000000  0.000000
$EndPAD
$PAD "2"
Shape Oval Layer both
position  0.000000  0.100000  size  0.066929  0.066929  orientation 0.00
drill  0.039370
shape_offset  0.000000  0.000000
$EndPAD
$EndMODULE  J104

$MODULE J106
footprint Connector_PinSocket_2.54mm:PinSocket_1x02_P2.54mm_Vertical
attribut none
position  2.772047  4.500787  orientation 180.00
layer front
$PAD "1"
Shape Rect Layer both
position  0.000000  0.000000  size  0.066929  0.066929  orientation 0.00
drill  0.039370
shape_offset  0.000000  0.000000
$EndPAD
$PAD "2"
Shape Oval Layer both
position  0.000000  0.100000  size  0.066929  0.066929  orientation 0.00
drill  0.039370
shape_offset  0.000000  0.000000
$EndPAD
$EndMODULE  J106

$MODULE J107
footprint Connector_Dsub:DSUB-9_Female_EdgeMount_P2.77mm
attribut smd
position  1.972539  3.520177  orientation 90.00
layer back
$PAD "1"
Shape Rect Layer back
position  0.218110  0.000000  size  0.072703  0.137008  orientation 0.00
drill  0.000000
shape_offset  0.000000  0.000000
$EndPAD
$PAD "2"
Shape Rect Layer back
position  0.109055  0.000000  size  0.072703  0.137008  orientation 0.00
drill  0.000000
shape_offset  0.000000  0.000000
$EndPAD
$PAD "3"
Shape Rect Layer back
position  0.000000  0.000000  size  0.072703  0.137008  orientation 0.00
drill  0.000000
shape_offset  0.000000  0.000000
$EndPAD
$PAD "4"
Shape Rect Layer back
position -0.109055  0.000000  size  0.072703  0.137008  orientation 0.00
drill  0.000000
shape_offset  0.000000  0.000000
$EndPAD
$PAD "5"
Shape Rect Layer back
position -0.218110  0.000000  size  0.072703  0.137008  orientation 0.00
drill  0.000000
shape_offset  0.000000  0.000000
$EndPAD
$PAD "6"
Shape Rect Layer front
position  0.163583  0.000000  size  0.072703  0.137008  orientation 0.00
drill  0.000000
shape_offset  0.000000  0.000000
$EndPAD
$PAD "7"
Shape Rect Layer front
position  0.054528  0.000000  size  0.072703  0.137008  orientation 0.00
drill  0.000000
shape_offset  0.000000  0.000000
$EndPAD
$PAD "8"
Shape Rect Layer front
position -0.054528  0.000000  size  0.072703  0.137008  orientation 0.00
drill  0.000000
shape_offset  0.000000  0.000000
$EndPAD
$PAD "9"
Shape Rect Layer front
position -0.163583  0.000000  size  0.072703  0.137008  orientation 0.00
drill  0.000000
shape_offset  0.000000  0.000000
$EndPAD
$EndMODULE  J107

$MODULE J108
footprint Connector_PinHeader_2.54mm:PinHeader_1x02_P2.54mm_Vertical
attribut none
position  4.011417  4.439961  orientation 180.00
layer front
$PAD "1"
Shape Rect Layer both
position  0.000000  0.000000  size  0.066929  0.066929  orientation 0.00
drill  0.039370
shape_offset  0.000000  0.000000
$EndPAD
$PAD "2"
Shape Oval Layer both
position  0.000000  0.100000  size  0.066929  0.066929  orientation 0.00
drill  0.039370
shape_offset  0.000000  0.000000
$EndPAD
$EndMODULE  J108

$MODULE J109
footprint Connector_PinHeader_2.54mm:PinHeader_1x03_P2.54mm_Vertical
attribut none
position  3.892520  3.520276  orientation 0.00
layer front
$PAD "1"
Shape Circle Layer both
position  0.000000  0.000000  size  0.066929  0.066929  orientation 0.00
drill  0.039370
shape_offset  0.000000  0.000000
$EndPAD
$PAD "2"
Shape Oval Layer both
position  0.000000  0.100000  size  0.066929  0.066929  orientation 0.00
drill  0.039370
shape_offset  0.000000  0.000000
$EndPAD
$PAD "3"
Shape Oval Layer both
position  0.000000  0.200000  size  0.066929  0.066929  orientation 0.00
drill  0.039370
shape_offset  0.000000  0.000000
$EndPAD
$EndMODULE  J109

$MODULE J201
footprint Connector_BarrelJack:BarrelJack_CUI_PJ-036AH-SMT_Horizontal
attribut smd
position  4.538583  2.774016  orientation 180.00
layer front
$PAD ""
Shape Circle Layer both
position  0.000000  0.275591  size  0.078740  0.078740  orientation 0.00
drill  0.078740
shape_offset  0.000000  0.000000
$EndPAD
$PAD "1"
Shape Rect Layer front
position  0.027559 -0.228346  size  0.129921  0.173228  orientation 0.00
drill  0.000000
shape_offset  0.000000  0.000000
$EndPAD
$PAD "2"
Shape Rect Layer front
position -0.253937  0.125984  size  0.153543  0.244094  orientation 0.00
drill  0.000000
shape_offset  0.000000  0.000000
$EndPAD
$PAD "3"
Shape Rect Layer front
position  0.253937  0.125984  size  0.153543  0.244094  orientation 0.00
drill  0.000000
shape_offset  0.000000  0.000000
$EndPAD
$EndMODULE  J201

$MODULE J202
footprint Connector_PinHeader_2.54mm:PinHeader_1x03_P2.54mm_Vertical
attribut none
position  3.187008  3.135236  orientation 180.00
layer front
$PAD "1"
Shape Circle Layer both
position  0.000000  0.000000  size  0.066929  0.066929  orientation 0.00
drill  0.039370
shape_offset  0.000000  0.000000
$EndPAD
$PAD "2"
Shape Oval Layer both
position  0.000000  0.100000  size  0.066929  0.066929  orientation 0.00
drill  0.039370
shape_offset  0.000000  0.000000
$EndPAD
$PAD "3"
Shape Oval Layer both
position  0.000000  0.200000  size  0.066929  0.066929  orientation 0.00
drill  0.039370
shape_offset  0.000000  0.000000
$EndPAD
$EndMODULE  J202

$MODULE J203
footprint Connector_PinHeader_2.54mm:PinHeader_1x02_P2.54mm_Vertical
attribut none
position  2.263386  2.776575  orientation 180.00
layer front
$PAD "1"
Shape Rect Layer both
position  0.000000  0.000000  size  0.066929  0.066929  orientation 0.00
drill  0.039370
shape_offset  0.000000  0.000000
$EndPAD
$PAD "2"
Shape Oval Layer both
position  0.000000  0.100000  size  0.066929  0.066929  orientation 0.00
drill  0.039370
shape_offset  0.000000  0.000000
$EndPAD
$EndMODULE  J203

$MODULE J204
footprint Connector_PinHeader_2.54mm:PinHeader_1x02_P2.54mm_Vertical
attribut none
position  2.487205  2.508268  orientation -90.00
layer front
$PAD "1"
Shape Rect Layer both
position  0.000000  0.000000  size  0.066929  0.066929  orientation 360.00
drill  0.039370
shape_offset  0.000000  0.000000
$EndPAD
$PAD "2"
Shape Oval Layer both
position  0.000000  0.100000  size  0.066929  0.066929  orientation 360.00
drill  0.039370
shape_offset  0.000000  0.000000
$EndPAD
$EndMODULE  J204

$MODULE J301
footprint Connector_Coaxial:BNC_Amphenol_B6252HB-NPP3G-50_Horizontal
attribut none
position  5.010827  3.520177  orientation -90.00
layer front
$PAD "1"
Shape Oval Layer both
position  0.000000  0.000000  size  0.062992  0.098425  orientation 360.00
drill  0.035039
shape_offset  0.000000  0.000000
$EndPAD
$PAD "2"
Shape Oval Layer both
position -0.200000 -0.200000  size  0.137795  0.275591  orientation 360.00
drill  0.079134
shape_offset  0.000000  0.000000
$EndPAD
$PAD "2"
Shape Oval Layer both
position -0.100000  0.000000  size  0.062992  0.098425  orientation 360.00
drill  0.035039
shape_offset  0.000000  0.000000
$EndPAD
$PAD "2"
Shape Oval Layer both
position  0.200000 -0.200000  size  0.137795  0.275591  orientation 360.00
drill  0.079134
shape_offset  0.000000  0.000000
$EndPAD
$EndMODULE  J301

$MODULE J302
footprint Connector_PinHeader_2.54mm:PinHeader_1x03_P2.54mm_Vertical
attribut none
position  4.284252  4.590551  orientation -90.00
layer front
$PAD "1"
Shape Circle Layer both
position  0.000000  0.000000  size  0.066929  0.066929  orientation 360.00
drill  0.039370
shape_offset  0.000000  0.000000
$EndPAD
$PAD "2"
Shape Oval Layer both
position  0.000000  0.100000  size  0.066929  0.066929  orientation 360.00
drill  0.039370
shape_offset  0.000000  0.000000
$EndPAD
$PAD "3"
Shape Oval Layer both
position  0.000000  0.200000  size  0.066929  0.066929  orientation 360.00
drill  0.039370
shape_offset  0.000000  0.000000
$EndPAD
$EndMODULE  J302

$MODULE JP201
footprint Jumper:SolderJumper-2_P1.3mm_Bridged_RoundedPad1.0x1.5mm
attribut virtual
position  2.405906  2.772441  orientation 180.00
layer back
$PAD "1"
Shape CustomShape Layer back
position -0.025591  0.000000  size  0.039370  0.019685  orientation 0.00
drill  0.000000
shape_offset  0.000000  0.000000
$EndPAD
$PAD "2"
Shape CustomShape Layer back
position  0.025591  0.000000  size  0.039370  0.019685  orientation 0.00
drill  0.000000
shape_offset  0.000000  0.000000
$EndPAD
$EndMODULE  JP201

$MODULE JP301
footprint Jumper:SolderJumper-2_P1.3mm_Bridged_RoundedPad1.0x1.5mm
attribut virtual
position  4.596063  4.254724  orientation 90.00
layer front
$PAD "1"
Shape CustomShape Layer front
position -0.025591  0.000000  size  0.039370  0.019685  orientation 0.00
drill  0.000000
shape_offset  0.000000  0.000000
$EndPAD
$PAD "2"
Shape CustomShape Layer front
position  0.025591  0.000000  size  0.039370  0.019685  orientation 0.00
drill  0.000000
shape_offset  0.000000  0.000000
$EndPAD
$EndMODULE  JP301

$MODULE L101
footprint Inductors:Toroid_T-50A_TH_BF_CT
attribut none
position  4.641339  4.378740  orientation -90.00
layer back
$PAD "1"
Shape Circle Layer both
position -0.133071  0.261417  size  0.078740  0.078740  orientation 360.00
drill  0.040000
shape_offset  0.000000  0.000000
$EndPAD
$PAD "1"
Shape Rect Layer front
position -0.203543  0.264567  size  0.157480  0.039370  orientation 360.00
drill  0.000000
shape_offset  0.000000  0.000000
$EndPAD
$PAD "2"
Shape Circle Layer both
position -0.019291  0.114173  size  0.078740  0.078740  orientation 360.00
drill  0.040000
shape_offset  0.000000  0.000000
$EndPAD
$PAD "2"
Shape Circle Layer both
position -0.040157  0.287402  size  0.078740  0.078740  orientation 360.00
drill  0.040000
shape_offset  0.000000  0.000000
$EndPAD
$PAD "2"
Shape Rect Layer front
position -0.030315  0.203543  size  0.043386  0.190945  orientation 354.00
drill  0.000000
shape_offset  0.000000  0.000000
$EndPAD
$PAD "3"
Shape Circle Layer both
position  0.064567  0.085039  size  0.078740  0.078740  orientation 360.00
drill  0.040000
shape_offset  0.000000  0.000000
$EndPAD
$PAD "3"
Shape Rect Layer front
position  0.145276  0.085039  size  0.157480  0.039370  orientation 360.00
drill  0.000000
shape_offset  0.000000  0.000000
$EndPAD
$EndMODULE  L101

$MODULE L201
footprint Inductor_SMD:L_Wuerth_WE-LQS
attribut smd
position  4.654134  3.211417  orientation -90.00
layer front
$PAD "1"
Shape Rect Layer front
position -0.060039  0.000000  size  0.059055  0.173228  orientation 360.00
drill  0.000000
shape_offset  0.000000  0.000000
$EndPAD
$PAD "2"
Shape Rect Layer front
position  0.060039  0.000000  size  0.059055  0.173228  orientation 360.00
drill  0.000000
shape_offset  0.000000  0.000000
$EndPAD
$EndMODULE  L201

$MODULE L202
footprint Inductor_SMD:L_Bourns_SRN5040TA
attribut smd
position  3.519291  2.851575  orientation 0.00
layer front
$PAD "1"
Shape Rect Layer front
position -0.070866  0.000000  size  0.059055  0.165354  orientation 0.00
drill  0.000000
shape_offset  0.000000  0.000000
$EndPAD
$PAD "2"
Shape Rect Layer front
position  0.070866  0.000000  size  0.059055  0.165354  orientation 0.00
drill  0.000000
shape_offset  0.000000  0.000000
$EndPAD
$EndMODULE  L202

$MODULE L301
footprint Inductors:Toroid_T-60_2TH
attribut none
position  4.458268  3.628923  orientation 90.00
layer back
$PAD "1"
Shape Rect Layer front
position -0.310236  0.114961  size  0.157480  0.039370  orientation -90.00
drill  0.000000
shape_offset  0.000000  0.000000
$EndPAD
$PAD "1"
Shape Circle Layer both
position -0.311500  0.043500  size  0.068000  0.068000  orientation 0.00
drill  0.040000
shape_offset  0.000000  0.000000
$EndPAD
$PAD "2"
Shape Oval Layer both
position -0.153000 -0.033000  size  0.068000  0.068000  orientation 0.00
drill  0.040000
shape_offset  0.000000  0.000000
$EndPAD
$PAD "2"
Shape Rect Layer front
position -0.154724 -0.103543  size  0.157480  0.039370  orientation -90.00
drill  0.000000
shape_offset  0.000000  0.000000
$EndPAD
$EndMODULE  L301

$MODULE L302
footprint Inductors:Toroid_T-60_2TH
attribut none
position  4.458268  3.629528  orientation 0.00
layer front
$PAD "1"
Shape Circle Layer both
position -0.311500 -0.043500  size  0.068000  0.068000  orientation 0.00
drill  0.040000
shape_offset  0.000000  0.000000
$EndPAD
$PAD "1"
Shape Rect Layer back
position -0.310236 -0.114961  size  0.157480  0.039370  orientation 90.00
drill  0.000000
shape_offset  0.000000  0.000000
$EndPAD
$PAD "2"
Shape Oval Layer both
position -0.153000  0.033000  size  0.068000  0.068000  orientation 0.00
drill  0.040000
shape_offset  0.000000  0.000000
$EndPAD
$PAD "2"
Shape Rect Layer back
position -0.154724  0.103543  size  0.157480  0.039370  orientation 90.00
drill  0.000000
shape_offset  0.000000  0.000000
$EndPAD
$EndMODULE  L302

$MODULE MOD201
footprint Connector_PinHeader_2.54mm:PinHeader_1x04_P2.54mm_Vertical
attribut none
position  2.967618  2.440551  orientation 90.00
layer back
$PAD "1"
Shape Circle Layer both
position  0.000000  0.000000  size  0.066929  0.066929  orientation 0.00
drill  0.039370
shape_offset  0.000000  0.000000
$EndPAD
$PAD "2"
Shape Roundrect Layer both
position  0.000000 -0.100000  size  0.066929  0.066929  orientation 0.00
drill  0.039370
shape_offset  0.000000  0.000000
$EndPAD
$PAD "3"
Shape Roundrect Layer both
position  0.000000 -0.200000  size  0.066929  0.066929  orientation 0.00
drill  0.039370
shape_offset  0.000000  0.000000
$EndPAD
$PAD "4"
Shape Oval Layer both
position  0.000000 -0.300000  size  0.066929  0.066929  orientation 0.00
drill  0.039370
shape_offset  0.000000  0.000000
$EndPAD
$EndMODULE  MOD201

$MODULE P101
footprint Connector_PinHeader_2.54mm:PinHeader_2x03_P2.54mm_Vertical_SMD
attribut smd
position  2.459843  4.039764  orientation 0.00
layer front
$PAD "1"
Shape Rect Layer front
position -0.099409 -0.100000  size  0.124016  0.039370  orientation 0.00
drill  0.000000
shape_offset  0.000000  0.000000
$EndPAD
$PAD "2"
Shape Rect Layer front
position  0.099409 -0.100000  size  0.124016  0.039370  orientation 0.00
drill  0.000000
shape_offset  0.000000  0.000000
$EndPAD
$PAD "3"
Shape Rect Layer front
position -0.099409  0.000000  size  0.124016  0.039370  orientation 0.00
drill  0.000000
shape_offset  0.000000  0.000000
$EndPAD
$PAD "4"
Shape Rect Layer front
position  0.099409  0.000000  size  0.124016  0.039370  orientation 0.00
drill  0.000000
shape_offset  0.000000  0.000000
$EndPAD
$PAD "5"
Shape Rect Layer front
position -0.099409  0.100000  size  0.124016  0.039370  orientation 0.00
drill  0.000000
shape_offset  0.000000  0.000000
$EndPAD
$PAD "6"
Shape Rect Layer front
position  0.099409  0.100000  size  0.124016  0.039370  orientation 0.00
drill  0.000000
shape_offset  0.000000  0.000000
$EndPAD
$EndMODULE  P101

$MODULE Q101
footprint Package_TO_SOT_SMD:SOT-323_SC-70
attribut smd
position  3.953150  2.623622  orientation -90.00
layer front
$PAD "1"
Shape Rect Layer front
position -0.037402 -0.025591  size  0.018504  0.023622  orientation 270.00
drill  0.000000
shape_offset  0.000000  0.000000
$EndPAD
$PAD "2"
Shape Rect Layer front
position -0.037402  0.025591  size  0.018504  0.023622  orientation 270.00
drill  0.000000
shape_offset  0.000000  0.000000
$EndPAD
$PAD "3"
Shape Rect Layer front
position  0.037402  0.000000  size  0.018504  0.023622  orientation 270.00
drill  0.000000
shape_offset  0.000000  0.000000
$EndPAD
$EndMODULE  Q101

$MODULE Q102
footprint Package_TO_SOT_SMD:SOT-323_SC-70
attribut smd
position  4.062598  2.590945  orientation 90.00
layer front
$PAD "1"
Shape Rect Layer front
position -0.037402 -0.025591  size  0.018504  0.023622  orientation -90.00
drill  0.000000
shape_offset  0.000000  0.000000
$EndPAD
$PAD "2"
Shape Rect Layer front
position -0.037402  0.025591  size  0.018504  0.023622  orientation -90.00
drill  0.000000
shape_offset  0.000000  0.000000
$EndPAD
$PAD "3"
Shape Rect Layer front
position  0.037402  0.000000  size  0.018504  0.023622  orientation -90.00
drill  0.000000
shape_offset  0.000000  0.000000
$EndPAD
$EndMODULE  Q102

$MODULE Q103
footprint TO_SOT_Packages:TO-220_Neutral123_Vertical_LargePads
attribut none
position  3.996063  4.050394  orientation 90.00
layer front
$PAD "1"
Shape Oval Layer both
position -0.100000  0.000000  size  0.137800  0.066900  orientation 90.00
drill  0.039400
shape_offset  0.000000  0.000000
$EndPAD
$PAD "2"
Shape Oval Layer both
position  0.000000  0.000000  size  0.137800  0.066900  orientation 90.00
drill  0.039400
shape_offset  0.000000  0.000000
$EndPAD
$PAD "3"
Shape Roundrect Layer both
position  0.100000  0.000000  size  0.137800  0.066900  orientation 90.00
drill  0.039400
shape_offset  0.000000  0.000000
$EndPAD
$EndMODULE  Q103

$MODULE R101
footprint Resistor_SMD:R_0805_2012Metric
attribut smd
position  3.957480  2.481496  orientation 180.00
layer front
$PAD "1"
Shape Roundrect Layer front
position -0.035925  0.000000  size  0.040354  0.055118  orientation 0.00
drill  0.000000
shape_offset  0.000000  0.000000
$EndPAD
$PAD "2"
Shape Roundrect Layer front
position  0.035925  0.000000  size  0.040354  0.055118  orientation 0.00
drill  0.000000
shape_offset  0.000000  0.000000
$EndPAD
$EndMODULE  R101

$MODULE R102
footprint Resistor_SMD:R_0805_2012Metric
attribut smd
position  3.852362  2.743307  orientation 0.00
layer front
$PAD "1"
Shape Roundrect Layer front
position -0.035925  0.000000  size  0.040354  0.055118  orientation 0.00
drill  0.000000
shape_offset  0.000000  0.000000
$EndPAD
$PAD "2"
Shape Roundrect Layer front
position  0.035925  0.000000  size  0.040354  0.055118  orientation 0.00
drill  0.000000
shape_offset  0.000000  0.000000
$EndPAD
$EndMODULE  R102

$MODULE R103
footprint Resistor_SMD:R_0805_2012Metric
attribut smd
position  3.735827  2.780709  orientation 90.00
layer front
$PAD "1"
Shape Roundrect Layer front
position -0.035925  0.000000  size  0.040354  0.055118  orientation 0.00
drill  0.000000
shape_offset  0.000000  0.000000
$EndPAD
$PAD "2"
Shape Roundrect Layer front
position  0.035925  0.000000  size  0.040354  0.055118  orientation 0.00
drill  0.000000
shape_offset  0.000000  0.000000
$EndPAD
$EndMODULE  R103

$MODULE R104
footprint Resistor_SMD:R_0805_2012Metric
attribut smd
position  2.558760  4.368898  orientation 0.00
layer front
$PAD "1"
Shape Roundrect Layer front
position -0.035925  0.000000  size  0.040354  0.055118  orientation 0.00
drill  0.000000
shape_offset  0.000000  0.000000
$EndPAD
$PAD "2"
Shape Roundrect Layer front
position  0.035925  0.000000  size  0.040354  0.055118  orientation 0.00
drill  0.000000
shape_offset  0.000000  0.000000
$EndPAD
$EndMODULE  R104

$MODULE R105
footprint Resistor_SMD:R_0805_2012Metric
attribut smd
position  2.926575  4.368898  orientation 0.00
layer front
$PAD "1"
Shape Roundrect Layer front
position -0.035925  0.000000  size  0.040354  0.055118  orientation 0.00
drill  0.000000
shape_offset  0.000000  0.000000
$EndPAD
$PAD "2"
Shape Roundrect Layer front
position  0.035925  0.000000  size  0.040354  0.055118  orientation 0.00
drill  0.000000
shape_offset  0.000000  0.000000
$EndPAD
$EndMODULE  R105

$MODULE R106
footprint Resistor_SMD:R_0805_2012Metric
attribut smd
position  2.254331  3.579528  orientation -90.00
layer front
$PAD "1"
Shape Roundrect Layer front
position -0.035925  0.000000  size  0.040354  0.055118  orientation 360.00
drill  0.000000
shape_offset  0.000000  0.000000
$EndPAD
$PAD "2"
Shape Roundrect Layer front
position  0.035925  0.000000  size  0.040354  0.055118  orientation 360.00
drill  0.000000
shape_offset  0.000000  0.000000
$EndPAD
$EndMODULE  R106

$MODULE R107
footprint Capacitor_SMD:C_0805_2012Metric
attribut smd
position  3.696850  4.498819  orientation 180.00
layer front
$PAD "1"
Shape Roundrect Layer front
position -0.037402  0.000000  size  0.039370  0.057087  orientation 0.00
drill  0.000000
shape_offset  0.000000  0.000000
$EndPAD
$PAD "2"
Shape Roundrect Layer front
position  0.037402  0.000000  size  0.039370  0.057087  orientation 0.00
drill  0.000000
shape_offset  0.000000  0.000000
$EndPAD
$EndMODULE  R107

$MODULE R108
footprint Capacitor_SMD:C_0805_2012Metric
attribut smd
position  3.835827  4.498819  orientation 180.00
layer front
$PAD "1"
Shape Roundrect Layer front
position -0.037402  0.000000  size  0.039370  0.057087  orientation 0.00
drill  0.000000
shape_offset  0.000000  0.000000
$EndPAD
$PAD "2"
Shape Roundrect Layer front
position  0.037402  0.000000  size  0.039370  0.057087  orientation 0.00
drill  0.000000
shape_offset  0.000000  0.000000
$EndPAD
$EndMODULE  R108

$MODULE R201
footprint Resistor_SMD:R_0805_2012Metric
attribut smd
position  3.358661  3.187008  orientation 180.00
layer front
$PAD "1"
Shape Roundrect Layer front
position -0.035925  0.000000  size  0.040354  0.055118  orientation 0.00
drill  0.000000
shape_offset  0.000000  0.000000
$EndPAD
$PAD "2"
Shape Roundrect Layer front
position  0.035925  0.000000  size  0.040354  0.055118  orientation 0.00
drill  0.000000
shape_offset  0.000000  0.000000
$EndPAD
$EndMODULE  R201

$MODULE R202
footprint Resistor_SMD:R_0805_2012Metric
attribut smd
position  3.855118  3.203150  orientation 90.00
layer front
$PAD "1"
Shape Roundrect Layer front
position -0.035925  0.000000  size  0.040354  0.055118  orientation 0.00
drill  0.000000
shape_offset  0.000000  0.000000
$EndPAD
$PAD "2"
Shape Roundrect Layer front
position  0.035925  0.000000  size  0.040354  0.055118  orientation 0.00
drill  0.000000
shape_offset  0.000000  0.000000
$EndPAD
$EndMODULE  R202

$MODULE R203
footprint Resistor_SMD:R_0805_2012Metric
attribut smd
position  3.690945  3.203150  orientation -90.00
layer front
$PAD "1"
Shape Roundrect Layer front
position -0.035925  0.000000  size  0.040354  0.055118  orientation 360.00
drill  0.000000
shape_offset  0.000000  0.000000
$EndPAD
$PAD "2"
Shape Roundrect Layer front
position  0.035925  0.000000  size  0.040354  0.055118  orientation 360.00
drill  0.000000
shape_offset  0.000000  0.000000
$EndPAD
$EndMODULE  R203

$MODULE R204
footprint Resistor_SMD:R_0805_2012Metric
attribut smd
position  3.657480  3.410630  orientation 180.00
layer front
$PAD "1"
Shape Roundrect Layer front
position -0.035925  0.000000  size  0.040354  0.055118  orientation 0.00
drill  0.000000
shape_offset  0.000000  0.000000
$EndPAD
$PAD "2"
Shape Roundrect Layer front
position  0.035925  0.000000  size  0.040354  0.055118  orientation 0.00
drill  0.000000
shape_offset  0.000000  0.000000
$EndPAD
$EndMODULE  R204

$MODULE R205
footprint Resistor_SMD:R_0805_2012Metric
attribut smd
position  2.974016  3.394882  orientation 0.00
layer front
$PAD "1"
Shape Roundrect Layer front
position -0.035925  0.000000  size  0.040354  0.055118  orientation 0.00
drill  0.000000
shape_offset  0.000000  0.000000
$EndPAD
$PAD "2"
Shape Roundrect Layer front
position  0.035925  0.000000  size  0.040354  0.055118  orientation 0.00
drill  0.000000
shape_offset  0.000000  0.000000
$EndPAD
$EndMODULE  R205

$MODULE REF**
footprint MountingHole:MountingHole_3.5mm
attribut virtual
position  5.041535  4.207677  orientation 0.00
layer front
$PAD ""
Shape Circle Layer both
position  0.000000  0.000000  size  0.137795  0.137795  orientation 0.00
drill  0.137795
shape_offset  0.000000  0.000000
$EndPAD
$EndMODULE  REF**

$MODULE REF**
footprint MountingHole:MountingHole_3.5mm
attribut virtual
position  2.041535  4.207677  orientation 0.00
layer front
$PAD ""
Shape Circle Layer both
position  0.000000  0.000000  size  0.137795  0.137795  orientation 0.00
drill  0.137795
shape_offset  0.000000  0.000000
$EndPAD
$EndMODULE  REF**

$MODULE REF**
footprint MountingHole:MountingHole_3.5mm
attribut virtual
position  2.041535  2.832677  orientation 0.00
layer front
$PAD ""
Shape Circle Layer both
position  0.000000  0.000000  size  0.137795  0.137795  orientation 0.00
drill  0.137795
shape_offset  0.000000  0.000000
$EndPAD
$EndMODULE  REF**

$MODULE REF**
footprint MountingHole:MountingHole_3.5mm
attribut virtual
position  5.041535  2.832677  orientation 0.00
layer front
$PAD ""
Shape Circle Layer both
position  0.000000  0.000000  size  0.137795  0.137795  orientation 0.00
drill  0.137795
shape_offset  0.000000  0.000000
$EndPAD
$EndMODULE  REF**

$MODULE TP101
footprint Connector_PinHeader_2.54mm:PinHeader_1x04_P2.54mm_Vertical
attribut none
position  3.612205  4.593701  orientation 90.00
layer front
$PAD "1"
Shape Rect Layer both
position  0.000000  0.000000  size  0.066929  0.066929  orientation 0.00
drill  0.039370
shape_offset  0.000000  0.000000
$EndPAD
$PAD "2"
Shape Oval Layer both
position  0.000000  0.100000  size  0.066929  0.066929  orientation 0.00
drill  0.039370
shape_offset  0.000000  0.000000
$EndPAD
$PAD "3"
Shape Oval Layer both
position  0.000000  0.200000  size  0.066929  0.066929  orientation 0.00
drill  0.039370
shape_offset  0.000000  0.000000
$EndPAD
$PAD "4"
Shape Oval Layer both
position  0.000000  0.300000  size  0.066929  0.066929  orientation 0.00
drill  0.039370
shape_offset  0.000000  0.000000
$EndPAD
$EndMODULE  TP101

$MODULE U101
footprint Package_SO:SOIC-28W_7.5x17.9mm_P1.27mm
attribut smd
position  2.733071  2.986614  orientation 180.00
layer front
$PAD "1"
Shape Roundrect Layer front
position -0.185039 -0.325000  size  0.080709  0.023622  orientation 0.00
drill  0.000000
shape_offset  0.000000  0.000000
$EndPAD
$PAD "2"
Shape Roundrect Layer front
position -0.185039 -0.275000  size  0.080709  0.023622  orientation 0.00
drill  0.000000
shape_offset  0.000000  0.000000
$EndPAD
$PAD "3"
Shape Roundrect Layer front
position -0.185039 -0.225000  size  0.080709  0.023622  orientation 0.00
drill  0.000000
shape_offset  0.000000  0.000000
$EndPAD
$PAD "4"
Shape Roundrect Layer front
position -0.185039 -0.175000  size  0.080709  0.023622  orientation 0.00
drill  0.000000
shape_offset  0.000000  0.000000
$EndPAD
$PAD "5"
Shape Roundrect Layer front
position -0.185039 -0.125000  size  0.080709  0.023622  orientation 0.00
drill  0.000000
shape_offset  0.000000  0.000000
$EndPAD
$PAD "6"
Shape Roundrect Layer front
position -0.185039 -0.075000  size  0.080709  0.023622  orientation 0.00
drill  0.000000
shape_offset  0.000000  0.000000
$EndPAD
$PAD "7"
Shape Roundrect Layer front
position -0.185039 -0.025000  size  0.080709  0.023622  orientation 0.00
drill  0.000000
shape_offset  0.000000  0.000000
$EndPAD
$PAD "8"
Shape Roundrect Layer front
position -0.185039  0.025000  size  0.080709  0.023622  orientation 0.00
drill  0.000000
shape_offset  0.000000  0.000000
$EndPAD
$PAD "9"
Shape Roundrect Layer front
position -0.185039  0.075000  size  0.080709  0.023622  orientation 0.00
drill  0.000000
shape_offset  0.000000  0.000000
$EndPAD
$PAD "10"
Shape Roundrect Layer front
position -0.185039  0.125000  size  0.080709  0.023622  orientation 0.00
drill  0.000000
shape_offset  0.000000  0.000000
$EndPAD
$PAD "11"
Shape Roundrect Layer front
position -0.185039  0.175000  size  0.080709  0.023622  orientation 0.00
drill  0.000000
shape_offset  0.000000  0.000000
$EndPAD
$PAD "12"
Shape Roundrect Layer front
position -0.185039  0.225000  size  0.080709  0.023622  orientation 0.00
drill  0.000000
shape_offset  0.000000  0.000000
$EndPAD
$PAD "13"
Shape Roundrect Layer front
position -0.185039  0.275000  size  0.080709  0.023622  orientation 0.00
drill  0.000000
shape_offset  0.000000  0.000000
$EndPAD
$PAD "14"
Shape Roundrect Layer front
position -0.185039  0.325000  size  0.080709  0.023622  orientation 0.00
drill  0.000000
shape_offset  0.000000  0.000000
$EndPAD
$PAD "15"
Shape Roundrect Layer front
position  0.185039  0.325000  size  0.080709  0.023622  orientation 0.00
drill  0.000000
shape_offset  0.000000  0.000000
$EndPAD
$PAD "16"
Shape Roundrect Layer front
position  0.185039  0.275000  size  0.080709  0.023622  orientation 0.00
drill  0.000000
shape_offset  0.000000  0.000000
$EndPAD
$PAD "17"
Shape Roundrect Layer front
position  0.185039  0.225000  size  0.080709  0.023622  orientation 0.00
drill  0.000000
shape_offset  0.000000  0.000000
$EndPAD
$PAD "18"
Shape Roundrect Layer front
position  0.185039  0.175000  size  0.080709  0.023622  orientation 0.00
drill  0.000000
shape_offset  0.000000  0.000000
$EndPAD
$PAD "19"
Shape Roundrect Layer front
position  0.185039  0.125000  size  0.080709  0.023622  orientation 0.00
drill  0.000000
shape_offset  0.000000  0.000000
$EndPAD
$PAD "20"
Shape Roundrect Layer front
position  0.185039  0.075000  size  0.080709  0.023622  orientation 0.00
drill  0.000000
shape_offset  0.000000  0.000000
$EndPAD
$PAD "21"
Shape Roundrect Layer front
position  0.185039  0.025000  size  0.080709  0.023622  orientation 0.00
drill  0.000000
shape_offset  0.000000  0.000000
$EndPAD
$PAD "22"
Shape Roundrect Layer front
position  0.185039 -0.025000  size  0.080709  0.023622  orientation 0.00
drill  0.000000
shape_offset  0.000000  0.000000
$EndPAD
$PAD "23"
Shape Roundrect Layer front
position  0.185039 -0.075000  size  0.080709  0.023622  orientation 0.00
drill  0.000000
shape_offset  0.000000  0.000000
$EndPAD
$PAD "24"
Shape Roundrect Layer front
position  0.185039 -0.125000  size  0.080709  0.023622  orientation 0.00
drill  0.000000
shape_offset  0.000000  0.000000
$EndPAD
$PAD "25"
Shape Roundrect Layer front
position  0.185039 -0.175000  size  0.080709  0.023622  orientation 0.00
drill  0.000000
shape_offset  0.000000  0.000000
$EndPAD
$PAD "26"
Shape Roundrect Layer front
position  0.185039 -0.225000  size  0.080709  0.023622  orientation 0.00
drill  0.000000
shape_offset  0.000000  0.000000
$EndPAD
$PAD "27"
Shape Roundrect Layer front
position  0.185039 -0.275000  size  0.080709  0.023622  orientation 0.00
drill  0.000000
shape_offset  0.000000  0.000000
$EndPAD
$PAD "28"
Shape Roundrect Layer front
position  0.185039 -0.325000  size  0.080709  0.023622  orientation 0.00
drill  0.000000
shape_offset  0.000000  0.000000
$EndPAD
$EndMODULE  U101

$MODULE U102
footprint Package_SO:MSOP-10_3x3mm_P0.5mm
attribut smd
position  3.445276  4.153543  orientation 0.00
layer front
$PAD "1"
Shape Rect Layer front
position -0.086614 -0.039370  size  0.055118  0.011811  orientation 0.00
drill  0.000000
shape_offset  0.000000  0.000000
$EndPAD
$PAD "2"
Shape Rect Layer front
position -0.086614 -0.019685  size  0.055118  0.011811  orientation 0.00
drill  0.000000
shape_offset  0.000000  0.000000
$EndPAD
$PAD "3"
Shape Rect Layer front
position -0.086614  0.000000  size  0.055118  0.011811  orientation 0.00
drill  0.000000
shape_offset  0.000000  0.000000
$EndPAD
$PAD "4"
Shape Rect Layer front
position -0.086614  0.019685  size  0.055118  0.011811  orientation 0.00
drill  0.000000
shape_offset  0.000000  0.000000
$EndPAD
$PAD "5"
Shape Rect Layer front
position -0.086614  0.039370  size  0.055118  0.011811  orientation 0.00
drill  0.000000
shape_offset  0.000000  0.000000
$EndPAD
$PAD "6"
Shape Rect Layer front
position  0.086614  0.039370  size  0.055118  0.011811  orientation 0.00
drill  0.000000
shape_offset  0.000000  0.000000
$EndPAD
$PAD "7"
Shape Rect Layer front
position  0.086614  0.019685  size  0.055118  0.011811  orientation 0.00
drill  0.000000
shape_offset  0.000000  0.000000
$EndPAD
$PAD "8"
Shape Rect Layer front
position  0.086614  0.000000  size  0.055118  0.011811  orientation 0.00
drill  0.000000
shape_offset  0.000000  0.000000
$EndPAD
$PAD "9"
Shape Rect Layer front
position  0.086614 -0.019685  size  0.055118  0.011811  orientation 0.00
drill  0.000000
shape_offset  0.000000  0.000000
$EndPAD
$PAD "10"
Shape Rect Layer front
position  0.086614 -0.039370  size  0.055118  0.011811  orientation 0.00
drill  0.000000
shape_offset  0.000000  0.000000
$EndPAD
$EndMODULE  U102

$MODULE U103
footprint Package_TO_SOT_SMD:SOT-23-6
attribut smd
position  3.677461  3.872047  orientation 0.00
layer front
$PAD "1"
Shape Roundrect Layer front
position -0.051181 -0.037402  size  0.043307  0.023622  orientation 0.00
drill  0.000000
shape_offset  0.000000  0.000000
$EndPAD
$PAD "2"
Shape Roundrect Layer front
position -0.051181  0.000000  size  0.043307  0.023622  orientation 0.00
drill  0.000000
shape_offset  0.000000  0.000000
$EndPAD
$PAD "3"
Shape Roundrect Layer front
position -0.051181  0.037402  size  0.043307  0.023622  orientation 0.00
drill  0.000000
shape_offset  0.000000  0.000000
$EndPAD
$PAD "4"
Shape Roundrect Layer front
position  0.051181  0.037402  size  0.043307  0.023622  orientation 0.00
drill  0.000000
shape_offset  0.000000  0.000000
$EndPAD
$PAD "5"
Shape Roundrect Layer front
position  0.051181  0.000000  size  0.043307  0.023622  orientation 0.00
drill  0.000000
shape_offset  0.000000  0.000000
$EndPAD
$PAD "6"
Shape Roundrect Layer front
position  0.051181 -0.037402  size  0.043307  0.023622  orientation 0.00
drill  0.000000
shape_offset  0.000000  0.000000
$EndPAD
$EndMODULE  U103

$MODULE U104
footprint Package_TO_SOT_SMD:SOT-23-6-LM5134
attribut smd
position  3.784252  4.203543  orientation 180.00
layer front
$PAD "1"
Shape Roundrect Layer front
position -0.051181 -0.037402  size  0.043307  0.023622  orientation 0.00
drill  0.000000
shape_offset  0.000000  0.000000
$EndPAD
$PAD "2"
Shape Roundrect Layer front
position -0.051181  0.000000  size  0.043307  0.023622  orientation 0.00
drill  0.000000
shape_offset  0.000000  0.000000
$EndPAD
$PAD "3"
Shape Roundrect Layer front
position -0.051181  0.037402  size  0.043307  0.023622  orientation 0.00
drill  0.000000
shape_offset  0.000000  0.000000
$EndPAD
$PAD "4"
Shape Roundrect Layer front
position  0.051181  0.037402  size  0.043307  0.023622  orientation 0.00
drill  0.000000
shape_offset  0.000000  0.000000
$EndPAD
$PAD "5"
Shape Roundrect Layer front
position  0.051181  0.000000  size  0.043307  0.023622  orientation 0.00
drill  0.000000
shape_offset  0.000000  0.000000
$EndPAD
$PAD "6"
Shape Roundrect Layer front
position  0.051181 -0.037402  size  0.043307  0.023622  orientation 0.00
drill  0.000000
shape_offset  0.000000  0.000000
$EndPAD
$EndMODULE  U104

$MODULE U201
footprint Package_TO_SOT_SMD:SOT-23-5
attribut smd
position  2.621654  3.701181  orientation 180.00
layer front
$PAD "1"
Shape Roundrect Layer front
position -0.051181 -0.037402  size  0.043307  0.023622  orientation 0.00
drill  0.000000
shape_offset  0.000000  0.000000
$EndPAD
$PAD "2"
Shape Roundrect Layer front
position -0.051181  0.000000  size  0.043307  0.023622  orientation 0.00
drill  0.000000
shape_offset  0.000000  0.000000
$EndPAD
$PAD "3"
Shape Roundrect Layer front
position -0.051181  0.037402  size  0.043307  0.023622  orientation 0.00
drill  0.000000
shape_offset  0.000000  0.000000
$EndPAD
$PAD "4"
Shape Roundrect Layer front
position  0.051181  0.037402  size  0.043307  0.023622  orientation 0.00
drill  0.000000
shape_offset  0.000000  0.000000
$EndPAD
$PAD "5"
Shape Roundrect Layer front
position  0.051181 -0.037402  size  0.043307  0.023622  orientation 0.00
drill  0.000000
shape_offset  0.000000  0.000000
$EndPAD
$EndMODULE  U201

$MODULE U202
footprint Package_TO_SOT_SMD:SOT-23-5
attribut smd
position  3.027953  3.870079  orientation -90.00
layer front
$PAD "1"
Shape Roundrect Layer front
position -0.051181 -0.037402  size  0.043307  0.023622  orientation 360.00
drill  0.000000
shape_offset  0.000000  0.000000
$EndPAD
$PAD "2"
Shape Roundrect Layer front
position -0.051181  0.000000  size  0.043307  0.023622  orientation 360.00
drill  0.000000
shape_offset  0.000000  0.000000
$EndPAD
$PAD "3"
Shape Roundrect Layer front
position -0.051181  0.037402  size  0.043307  0.023622  orientation 360.00
drill  0.000000
shape_offset  0.000000  0.000000
$EndPAD
$PAD "4"
Shape Roundrect Layer front
position  0.051181  0.037402  size  0.043307  0.023622  orientation 360.00
drill  0.000000
shape_offset  0.000000  0.000000
$EndPAD
$PAD "5"
Shape Roundrect Layer front
position  0.051181 -0.037402  size  0.043307  0.023622  orientation 360.00
drill  0.000000
shape_offset  0.000000  0.000000
$EndPAD
$EndMODULE  U202

$MODULE U203
footprint Package_SON:Texas_S-PWSON-N10_ThermalVias
attribut smd
position  3.519331  3.053150  orientation 0.00
layer front
$PAD "1"
Shape Rect Layer front
position -0.069291 -0.039370  size  0.011024  0.011024  orientation 0.00
drill  0.000000
shape_offset  0.000000  0.000000
$EndPAD
$PAD "1"
Shape Oval Layer front
position -0.058071 -0.039370  size  0.033465  0.011024  orientation 0.00
drill  0.000000
shape_offset  0.000000  0.000000
$EndPAD
$PAD "2"
Shape Oval Layer front
position -0.058071 -0.019685  size  0.033465  0.011024  orientation 0.00
drill  0.000000
shape_offset  0.000000  0.000000
$EndPAD
$PAD "2"
Shape Rect Layer front
position -0.069291 -0.019685  size  0.011024  0.011024  orientation 0.00
drill  0.000000
shape_offset  0.000000  0.000000
$EndPAD
$PAD "3"
Shape Oval Layer front
position -0.058071  0.000000  size  0.033465  0.011024  orientation 0.00
drill  0.000000
shape_offset  0.000000  0.000000
$EndPAD
$PAD "3"
Shape Rect Layer front
position -0.069291  0.000000  size  0.011024  0.011024  orientation 0.00
drill  0.000000
shape_offset  0.000000  0.000000
$EndPAD
$PAD "4"
Shape Rect Layer front
position -0.069291  0.019685  size  0.011024  0.011024  orientation 0.00
drill  0.000000
shape_offset  0.000000  0.000000
$EndPAD
$PAD "4"
Shape Oval Layer front
position -0.058071  0.019685  size  0.033465  0.011024  orientation 0.00
drill  0.000000
shape_offset  0.000000  0.000000
$EndPAD
$PAD "5"
Shape Oval Layer front
position -0.058071  0.039370  size  0.033465  0.011024  orientation 0.00
drill  0.000000
shape_offset  0.000000  0.000000
$EndPAD
$PAD "5"
Shape Rect Layer front
position -0.069291  0.039370  size  0.011024  0.011024  orientation 0.00
drill  0.000000
shape_offset  0.000000  0.000000
$EndPAD
$PAD "6"
Shape Oval Layer front
position  0.058071  0.039370  size  0.033465  0.011024  orientation 0.00
drill  0.000000
shape_offset  0.000000  0.000000
$EndPAD
$PAD "6"
Shape Rect Layer front
position  0.069291  0.039370  size  0.011024  0.011024  orientation 0.00
drill  0.000000
shape_offset  0.000000  0.000000
$EndPAD
$PAD "7"
Shape Rect Layer front
position  0.069291  0.019685  size  0.011024  0.011024  orientation 0.00
drill  0.000000
shape_offset  0.000000  0.000000
$EndPAD
$PAD "7"
Shape Oval Layer front
position  0.058071  0.019685  size  0.033465  0.011024  orientation 0.00
drill  0.000000
shape_offset  0.000000  0.000000
$EndPAD
$PAD "8"
Shape Oval Layer front
position  0.058071  0.000000  size  0.033465  0.011024  orientation 0.00
drill  0.000000
shape_offset  0.000000  0.000000
$EndPAD
$PAD "8"
Shape Rect Layer front
position  0.069291  0.000000  size  0.011024  0.011024  orientation 0.00
drill  0.000000
shape_offset  0.000000  0.000000
$EndPAD
$PAD "9"
Shape Rect Layer front
position  0.069291 -0.019685  size  0.011024  0.011024  orientation 0.00
drill  0.000000
shape_offset  0.000000  0.000000
$EndPAD
$PAD "9"
Shape Oval Layer front
position  0.058071 -0.019685  size  0.033465  0.011024  orientation 0.00
drill  0.000000
shape_offset  0.000000  0.000000
$EndPAD
$PAD "10"
Shape Rect Layer front
position  0.069291 -0.039370  size  0.011024  0.011024  orientation 0.00
drill  0.000000
shape_offset  0.000000  0.000000
$EndPAD
$PAD "10"
Shape Oval Layer front
position  0.058071 -0.039370  size  0.033465  0.011024  orientation 0.00
drill  0.000000
shape_offset  0.000000  0.000000
$EndPAD
$PAD "11"
Shape Circle Layer both
position -0.019685 -0.019685  size  0.023622  0.023622  orientation 0.00
drill  0.011811
shape_offset  0.000000  0.000000
$EndPAD
$PAD "11"
Shape Rect Layer front
position  0.023622 -0.056102  size  0.009055  0.023622  orientation 0.00
drill  0.000000
shape_offset  0.000000  0.000000
$EndPAD
$PAD "11"
Shape Rect Layer back
position -0.000039  0.000000  size  0.090551  0.090551  orientation 0.00
drill  0.000000
shape_offset  0.000000  0.000000
$EndPAD
$PAD "11"
Shape Rect Layer front
position  0.007874  0.056102  size  0.009055  0.023622  orientation 0.00
drill  0.000000
shape_offset  0.000000  0.000000
$EndPAD
$PAD "11"
Shape Rect Layer front
position  0.007874 -0.056102  size  0.009055  0.023622  orientation 0.00
drill  0.000000
shape_offset  0.000000  0.000000
$EndPAD
$PAD "11"
Shape Circle Layer both
position -0.019685  0.019685  size  0.023622  0.023622  orientation 0.00
drill  0.011811
shape_offset  0.000000  0.000000
$EndPAD
$PAD "11"
Shape Rect Layer front
position  0.017126 -0.022047  size  0.025591  0.035433  orientation 0.00
drill  0.000000
shape_offset  0.000000  0.000000
$EndPAD
$PAD "11"
Shape Rect Layer front
position  0.023622 -0.056102  size  0.009843  0.027559  orientation 0.00
drill  0.000000
shape_offset  0.000000  0.000000
$EndPAD
$PAD "11"
Shape Rect Layer front
position -0.017126 -0.022047  size  0.025591  0.035433  orientation 0.00
drill  0.000000
shape_offset  0.000000  0.000000
$EndPAD
$PAD "11"
Shape Rect Layer front
position  0.007874  0.056102  size  0.009843  0.027559  orientation 0.00
drill  0.000000
shape_offset  0.000000  0.000000
$EndPAD
$PAD "11"
Shape Circle Layer both
position  0.000000  0.000000  size  0.023622  0.023622  orientation 0.00
drill  0.011811
shape_offset  0.000000  0.000000
$EndPAD
$PAD "11"
Shape Rect Layer front
position -0.007874 -0.056102  size  0.009055  0.023622  orientation 0.00
drill  0.000000
shape_offset  0.000000  0.000000
$EndPAD
$PAD "11"
Shape Rect Layer front
position -0.017126  0.022047  size  0.025591  0.035433  orientation 0.00
drill  0.000000
shape_offset  0.000000  0.000000
$EndPAD
$PAD "11"
Shape Rect Layer front
position  0.023622  0.056102  size  0.009843  0.027559  orientation 0.00
drill  0.000000
shape_offset  0.000000  0.000000
$EndPAD
$PAD "11"
Shape Rect Layer front
position  0.023622  0.056102  size  0.009055  0.023622  orientation 0.00
drill  0.000000
shape_offset  0.000000  0.000000
$EndPAD
$PAD "11"
Shape Rect Layer front
position  0.017126  0.022047  size  0.025591  0.035433  orientation 0.00
drill  0.000000
shape_offset  0.000000  0.000000
$EndPAD
$PAD "11"
Shape Rect Layer front
position -0.023622 -0.056102  size  0.009055  0.023622  orientation 0.00
drill  0.000000
shape_offset  0.000000  0.000000
$EndPAD
$PAD "11"
Shape Rect Layer front
position -0.007874  0.056102  size  0.009843  0.027559  orientation 0.00
drill  0.000000
shape_offset  0.000000  0.000000
$EndPAD
$PAD "11"
Shape Circle Layer both
position  0.019685  0.019685  size  0.023622  0.023622  orientation 0.00
drill  0.011811
shape_offset  0.000000  0.000000
$EndPAD
$PAD "11"
Shape Rect Layer front
position  0.000000  0.000000  size  0.066929  0.084646  orientation 0.00
drill  0.000000
shape_offset  0.000000  0.000000
$EndPAD
$PAD "11"
Shape Circle Layer both
position  0.019685 -0.019685  size  0.023622  0.023622  orientation 0.00
drill  0.011811
shape_offset  0.000000  0.000000
$EndPAD
$PAD "11"
Shape Rect Layer front
position -0.023622 -0.056102  size  0.009843  0.027559  orientation 0.00
drill  0.000000
shape_offset  0.000000  0.000000
$EndPAD
$PAD "11"
Shape Rect Layer front
position -0.007874 -0.056102  size  0.009843  0.027559  orientation 0.00
drill  0.000000
shape_offset  0.000000  0.000000
$EndPAD
$PAD "11"
Shape Rect Layer front
position -0.023622  0.056102  size  0.009055  0.023622  orientation 0.00
drill  0.000000
shape_offset  0.000000  0.000000
$EndPAD
$PAD "11"
Shape Rect Layer front
position -0.023622  0.056102  size  0.009843  0.027559  orientation 0.00
drill  0.000000
shape_offset  0.000000  0.000000
$EndPAD
$PAD "11"
Shape Rect Layer front
position  0.007874 -0.056102  size  0.009843  0.027559  orientation 0.00
drill  0.000000
shape_offset  0.000000  0.000000
$EndPAD
$PAD "11"
Shape Rect Layer front
position -0.007874  0.056102  size  0.009055  0.023622  orientation 0.00
drill  0.000000
shape_offset  0.000000  0.000000
$EndPAD
$EndMODULE  U203

$MODULE U204
footprint Package_TO_SOT_SMD:SOT-23-6
attribut smd
position  2.217323  2.524803  orientation 0.00
layer front
$PAD "1"
Shape Roundrect Layer front
position -0.051181 -0.037402  size  0.043307  0.023622  orientation 0.00
drill  0.000000
shape_offset  0.000000  0.000000
$EndPAD
$PAD "2"
Shape Roundrect Layer front
position -0.051181  0.000000  size  0.043307  0.023622  orientation 0.00
drill  0.000000
shape_offset  0.000000  0.000000
$EndPAD
$PAD "3"
Shape Roundrect Layer front
position -0.051181  0.037402  size  0.043307  0.023622  orientation 0.00
drill  0.000000
shape_offset  0.000000  0.000000
$EndPAD
$PAD "4"
Shape Roundrect Layer front
position  0.051181  0.037402  size  0.043307  0.023622  orientation 0.00
drill  0.000000
shape_offset  0.000000  0.000000
$EndPAD
$PAD "5"
Shape Roundrect Layer front
position  0.051181  0.000000  size  0.043307  0.023622  orientation 0.00
drill  0.000000
shape_offset  0.000000  0.000000
$EndPAD
$PAD "6"
Shape Roundrect Layer front
position  0.051181 -0.037402  size  0.043307  0.023622  orientation 0.00
drill  0.000000
shape_offset  0.000000  0.000000
$EndPAD
$EndMODULE  U204

$MODULE W101
footprint Measurement:Measurement_Point_ScopeProbe_Round-SMD-2sides-Pad_Small
attribut none
position  3.632677  4.051575  orientation 135.00
layer front
$PAD "1"
Shape Circle Layer front
position  0.000000  0.000000  size  0.060000  0.060000  orientation 0.00
drill  0.000000
shape_offset  0.000000  0.000000
$EndPAD
$PAD "1"
Shape Circle Layer both
position  0.000000  0.000000  size  0.023622  0.023622  orientation 0.00
drill  0.013016
shape_offset  0.000000  0.000000
$EndPAD
$PAD "1"
Shape Circle Layer back
position  0.000000  0.000000  size  0.060000  0.060000  orientation 0.00
drill  0.000000
shape_offset  0.000000  0.000000
$EndPAD
$PAD "2"
Shape Circle Layer front
position  0.314961  0.000000  size  0.060000  0.060000  orientation 0.00
drill  0.000000
shape_offset  0.000000  0.000000
$EndPAD
$PAD "2"
Shape Circle Layer back
position  0.314961  0.000000  size  0.060000  0.060000  orientation 0.00
drill  0.000000
shape_offset  0.000000  0.000000
$EndPAD
$PAD "2"
Shape Circle Layer both
position  0.314961  0.000000  size  0.023622  0.023622  orientation 0.00
drill  0.013016
shape_offset  0.000000  0.000000
$EndPAD
$EndMODULE  W101

$MODULE W301
footprint Measurement:Measurement_Point_ScopeProbe_Round-SMD-2sides-Pad_Small
attribut none
position  4.787402  3.897244  orientation 0.00
layer front
$PAD "1"
Shape Circle Layer both
position  0.000000  0.000000  size  0.023622  0.023622  orientation 0.00
drill  0.013016
shape_offset  0.000000  0.000000
$EndPAD
$PAD "1"
Shape Circle Layer front
position  0.000000  0.000000  size  0.060000  0.060000  orientation 0.00
drill  0.000000
shape_offset  0.000000  0.000000
$EndPAD
$PAD "1"
Shape Circle Layer back
position  0.000000  0.000000  size  0.060000  0.060000  orientation 0.00
drill  0.000000
shape_offset  0.000000  0.000000
$EndPAD
$PAD "2"
Shape Circle Layer back
position  0.314961  0.000000  size  0.060000  0.060000  orientation 0.00
drill  0.000000
shape_offset  0.000000  0.000000
$EndPAD
$PAD "2"
Shape Circle Layer front
position  0.314961  0.000000  size  0.060000  0.060000  orientation 0.00
drill  0.000000
shape_offset  0.000000  0.000000
$EndPAD
$PAD "2"
Shape Circle Layer both
position  0.314961  0.000000  size  0.023622  0.023622  orientation 0.00
drill  0.013016
shape_offset  0.000000  0.000000
$EndPAD
$EndMODULE  W301

$MODULE W302
footprint Measurement:Measurement_Point_ScopeProbe_Round-SMD-2sides-Pad_Small
attribut none
position  4.470079  4.060236  orientation -45.00
layer front
$PAD "1"
Shape Circle Layer back
position  0.000000  0.000000  size  0.060000  0.060000  orientation 360.00
drill  0.000000
shape_offset  0.000000  0.000000
$EndPAD
$PAD "1"
Shape Circle Layer front
position  0.000000  0.000000  size  0.060000  0.060000  orientation 360.00
drill  0.000000
shape_offset  0.000000  0.000000
$EndPAD
$PAD "1"
Shape Circle Layer both
position  0.000000  0.000000  size  0.023622  0.023622  orientation 360.00
drill  0.013016
shape_offset  0.000000  0.000000
$EndPAD
$PAD "2"
Shape Circle Layer both
position  0.314961  0.000000  size  0.023622  0.023622  orientation 360.00
drill  0.013016
shape_offset  0.000000  0.000000
$EndPAD
$PAD "2"
Shape Circle Layer back
position  0.314961  0.000000  size  0.060000  0.060000  orientation 360.00
drill  0.000000
shape_offset  0.000000  0.000000
$EndPAD
$PAD "2"
Shape Circle Layer front
position  0.314961  0.000000  size  0.060000  0.060000  orientation 360.00
drill  0.000000
shape_offset  0.000000  0.000000
$EndPAD
$EndMODULE  W302

$MODULE X101
footprint Oscillator:Oscillator_SMD_SiTime_SIT1566AC-4Pin_BGA
attribut smd
position  2.455512  2.711024  orientation 90.00
layer front
$PAD "1"
Shape Circle Layer front
position -0.008268 -0.019685  size  0.009843  0.009843  orientation 0.00
drill  0.000000
shape_offset  0.000000  0.000000
$EndPAD
$PAD "2"
Shape Circle Layer front
position -0.008268  0.019685  size  0.009843  0.009843  orientation 0.00
drill  0.000000
shape_offset  0.000000  0.000000
$EndPAD
$PAD "3"
Shape Circle Layer front
position  0.008268  0.019685  size  0.009843  0.009843  orientation 0.00
drill  0.000000
shape_offset  0.000000  0.000000
$EndPAD
$PAD "4"
Shape Circle Layer front
position  0.008268 -0.019685  size  0.009843  0.009843  orientation 0.00
drill  0.000000
shape_offset  0.000000  0.000000
$EndPAD
$EndMODULE  X101

$MODULE X102
footprint Crystal:Crystal_SMD_TXETCLSANF-4Pin
attribut smd
position  3.216535  3.993307  orientation 180.00
layer front
$PAD "1"
Shape Rect Layer front
position -0.047244  0.035433  size  0.039370  0.035433  orientation 0.00
drill  0.000000
shape_offset  0.000000  0.000000
$EndPAD
$PAD "2"
Shape Rect Layer front
position  0.047244  0.035433  size  0.039370  0.035433  orientation 0.00
drill  0.000000
shape_offset  0.000000  0.000000
$EndPAD
$PAD "3"
Shape Rect Layer front
position  0.047244 -0.035433  size  0.039370  0.035433  orientation 0.00
drill  0.000000
shape_offset  0.000000  0.000000
$EndPAD
$PAD "4"
Shape Rect Layer front
position -0.047244 -0.035433  size  0.039370  0.035433  orientation 0.00
drill  0.000000
shape_offset  0.000000  0.000000
$EndPAD
$EndMODULE  X102

$EndDESCRIPTION
